#
# There is insufficient memory for the Java Runtime Environment to continue.
# Native memory allocation (mmap) failed to map 266338304 bytes for G1 virtual space
# Possible reasons:
#   The system is out of physical RAM or swap space
#   The process is running with CompressedOops enabled, and the Java Heap may be blocking the growth of the native heap
# Possible solutions:
#   Reduce memory load on the system
#   Increase physical memory or swap space
#   Check if swap backing store is full
#   Decrease Java heap size (-Xmx/-Xms)
#   Decrease number of Java threads
#   Decrease Java thread stack sizes (-Xss)
#   Set larger code cache with -XX:ReservedCodeCacheSize=
#   JVM is running with Zero Based Compressed Oops mode in which the Java heap is
#     placed in the first 32GB address space. The Java Heap base address is the
#     maximum limit for the native heap growth. Please use -XX:HeapBaseMinAddress
#     to set the Java Heap base and to place the Java Heap above 32GB virtual address.
# This output file may be truncated or incomplete.
#
#  Out of Memory Error (os_windows.cpp:3541), pid=28052, tid=44080
#
# JRE version:  (17.0.4.1+1) (build )
# Java VM: OpenJDK 64-Bit Server VM (17.0.4.1+1, mixed mode, sharing, tiered, compressed oops, compressed class ptrs, g1 gc, windows-amd64)
# No core dump will be written. Minidumps are not enabled by default on client versions of Windows
#

---------------  S U M M A R Y ------------

Command Line: --module-path=tak.jar com.anatorini.lab06.Buoy.Buoy

Host: Intel(R) Core(TM) i7-9750H CPU @ 2.60GHz, 12 cores, 15G,  Windows 11 , 64 bit Build 22000 (10.0.22000.1219)
Time: Sat Jan 21 00:00:27 2023  Windows 11 , 64 bit Build 22000 (10.0.22000.1219) elapsed time: 0.011438 seconds (0d 0h 0m 0s)

---------------  T H R E A D  ---------------

Current thread (0x000001fee69a1940):  JavaThread "Unknown thread" [_thread_in_vm, id=44080, stack(0x00000074a1100000,0x00000074a1200000)]

Stack: [0x00000074a1100000,0x00000074a1200000]
Native frames: (J=compiled Java code, j=interpreted, Vv=VM code, C=native code)
V  [jvm.dll+0x67731a]
V  [jvm.dll+0x832284]
V  [jvm.dll+0x833a2e]
V  [jvm.dll+0x834093]
V  [jvm.dll+0x245775]
V  [jvm.dll+0x674209]
V  [jvm.dll+0x668a92]
V  [jvm.dll+0x30471b]
V  [jvm.dll+0x30bc66]
V  [jvm.dll+0x35ba9e]
V  [jvm.dll+0x35bccf]
V  [jvm.dll+0x2db5b8]
V  [jvm.dll+0x2dc524]
V  [jvm.dll+0x803db1]
V  [jvm.dll+0x3698f1]
V  [jvm.dll+0x7e31bc]
V  [jvm.dll+0x3ec25f]
V  [jvm.dll+0x3edde1]
C  [jli.dll+0x5277]
C  [ucrtbase.dll+0x26c0c]
C  [KERNEL32.DLL+0x15550]
C  [ntdll.dll+0x485b]


---------------  P R O C E S S  ---------------

Threads class SMR info:
_java_thread_list=0x00007ffa39674e98, length=0, elements={
}

Java Threads: ( => current thread )

Other Threads:
  0x000001fee6a0f360 GCTaskThread "GC Thread#0" [stack: 0x00000074a1200000,0x00000074a1300000] [id=43472]
  0x000001fee6a20100 ConcurrentGCThread "G1 Main Marker" [stack: 0x00000074a1300000,0x00000074a1400000] [id=17728]
  0x000001fee6a212b0 ConcurrentGCThread "G1 Conc#0" [stack: 0x00000074a1400000,0x00000074a1500000] [id=41596]

[error occurred during error reporting (printing all threads), id 0xc0000005, EXCEPTION_ACCESS_VIOLATION (0xc0000005) at pc=0x00007ffa38e4c047]

VM state: not at safepoint (not fully initialized)

VM Mutex/Monitor currently owned by a thread:  ([mutex/lock_event])
[0x000001fee699da00] Heap_lock - owner thread: 0x000001fee69a1940

Heap address: 0x0000000703000000, size: 4048 MB, Compressed Oops mode: Zero based, Oop shift amount: 3

CDS archive(s) mapped at: [0x0000000000000000-0x0000000000000000-0x0000000000000000), size 0, SharedBaseAddress: 0x0000000800000000, ArchiveRelocationMode: 0.
Narrow klass base: 0x0000000000000000, Narrow klass shift: 0, Narrow klass range: 0x0

GC Precious Log:
<Empty>

Heap:
 garbage-first heap   total 0K, used 0K [0x0000000703000000, 0x0000000800000000)
  region size 2048K, 0 young (0K), 0 survivors (0K)

[error occurred during error reporting (printing heap information), id 0xc0000005, EXCEPTION_ACCESS_VIOLATION (0xc0000005) at pc=0x00007ffa39230699]

GC Heap History (0 events):
No events

Deoptimization events (0 events):
No events

Classes unloaded (0 events):
No events

Classes redefined (0 events):
No events

Internal exceptions (0 events):
No events

VM Operations (0 events):
No events

Events (1 events):
Event: 0.006 Loaded shared library C:\Program Files\Eclipse Adoptium\jdk-17.0.4.101-hotspot\bin\java.dll


Dynamic libraries:
0x00007ff7fb100000 - 0x00007ff7fb10e000 	C:\Program Files\Eclipse Adoptium\jdk-17.0.4.101-hotspot\bin\java.exe
0x00007ffaccbe0000 - 0x00007ffaccde9000 	C:\WINDOWS\SYSTEM32\ntdll.dll
0x00007ffacb1d0000 - 0x00007ffacb28e000 	C:\WINDOWS\System32\KERNEL32.DLL
0x00007ffaca0b0000 - 0x00007ffaca42b000 	C:\WINDOWS\System32\KERNELBASE.dll
0x00007ffaca8c0000 - 0x00007ffaca9d1000 	C:\WINDOWS\System32\ucrtbase.dll
0x00007ffaa4740000 - 0x00007ffaa4759000 	C:\Program Files\Eclipse Adoptium\jdk-17.0.4.101-hotspot\bin\VCRUNTIME140.dll
0x00007ffaa4900000 - 0x00007ffaa4918000 	C:\Program Files\Eclipse Adoptium\jdk-17.0.4.101-hotspot\bin\jli.dll
0x00007ffacb670000 - 0x00007ffacb81d000 	C:\WINDOWS\System32\USER32.dll
0x00007ffaad450000 - 0x00007ffaad6f5000 	C:\WINDOWS\WinSxS\amd64_microsoft.windows.common-controls_6595b64144ccf1df_6.0.22000.120_none_9d947278b86cc467\COMCTL32.dll
0x00007ffacb960000 - 0x00007ffacba03000 	C:\WINDOWS\System32\msvcrt.dll
0x00007ffaca4a0000 - 0x00007ffaca4c6000 	C:\WINDOWS\System32\win32u.dll
0x00007ffacc5a0000 - 0x00007ffacc5c9000 	C:\WINDOWS\System32\GDI32.dll
0x00007ffaca4d0000 - 0x00007ffaca5e8000 	C:\WINDOWS\System32\gdi32full.dll
0x00007ffaca820000 - 0x00007ffaca8bd000 	C:\WINDOWS\System32\msvcp_win.dll
0x00007ffacabc0000 - 0x00007ffacabf2000 	C:\WINDOWS\System32\IMM32.DLL
0x00007ffaa5bf0000 - 0x00007ffaa5bfc000 	C:\Program Files\Eclipse Adoptium\jdk-17.0.4.101-hotspot\bin\vcruntime140_1.dll
0x00007ffa83af0000 - 0x00007ffa83b81000 	C:\Program Files\Eclipse Adoptium\jdk-17.0.4.101-hotspot\bin\msvcp140.dll
0x00007ffa38b60000 - 0x00007ffa397a6000 	C:\Program Files\Eclipse Adoptium\jdk-17.0.4.101-hotspot\bin\server\jvm.dll
0x00007ffacbbd0000 - 0x00007ffacbc7e000 	C:\WINDOWS\System32\ADVAPI32.dll
0x00007ffacbb30000 - 0x00007ffacbbce000 	C:\WINDOWS\System32\sechost.dll
0x00007ffacba10000 - 0x00007ffacbb30000 	C:\WINDOWS\System32\RPCRT4.dll
0x00007ffacbc80000 - 0x00007ffacbc88000 	C:\WINDOWS\System32\PSAPI.DLL
0x00007ffac5e80000 - 0x00007ffac5e89000 	C:\WINDOWS\SYSTEM32\WSOCK32.dll
0x00007ffacb830000 - 0x00007ffacb89f000 	C:\WINDOWS\System32\WS2_32.dll
0x00007ffac3aa0000 - 0x00007ffac3ad3000 	C:\WINDOWS\SYSTEM32\WINMM.dll
0x00007ffac1200000 - 0x00007ffac120a000 	C:\WINDOWS\SYSTEM32\VERSION.dll
0x00007ffac91e0000 - 0x00007ffac91f8000 	C:\WINDOWS\SYSTEM32\kernel.appcore.dll
0x00007ffaa59c0000 - 0x00007ffaa59ca000 	C:\Program Files\Eclipse Adoptium\jdk-17.0.4.101-hotspot\bin\jimage.dll
0x00007ffab6940000 - 0x00007ffab6b61000 	C:\WINDOWS\SYSTEM32\DBGHELP.DLL
0x00007ffaab3c0000 - 0x00007ffaab3f1000 	C:\WINDOWS\SYSTEM32\dbgcore.DLL
0x00007ffaca9e0000 - 0x00007ffacaa5f000 	C:\WINDOWS\System32\bcryptPrimitives.dll
0x00007ffa9c190000 - 0x00007ffa9c1b5000 	C:\Program Files\Eclipse Adoptium\jdk-17.0.4.101-hotspot\bin\java.dll

dbghelp: loaded successfully - version: 4.0.5 - missing functions: none
symbol engine: initialized successfully - sym options: 0x614 - pdb path: .;C:\Program Files\Eclipse Adoptium\jdk-17.0.4.101-hotspot\bin;C:\WINDOWS\SYSTEM32;C:\WINDOWS\WinSxS\amd64_microsoft.windows.common-controls_6595b64144ccf1df_6.0.22000.120_none_9d947278b86cc467;C:\Program Files\Eclipse Adoptium\jdk-17.0.4.101-hotspot\bin\server

VM Arguments:
jvm_args: --module-path=tak.jar 
java_command: com.anatorini.lab06.Buoy.Buoy
java_class_path (initial): .
Launcher Type: SUN_STANDARD

[Global flags]
     intx CICompilerCount                          = 4                                         {product} {ergonomic}
     uint ConcGCThreads                            = 3                                         {product} {ergonomic}
     uint G1ConcRefinementThreads                  = 10                                        {product} {ergonomic}
   size_t G1HeapRegionSize                         = 2097152                                   {product} {ergonomic}
    uintx GCDrainStackTargetSize                   = 64                                        {product} {ergonomic}
   size_t InitialHeapSize                          = 266338304                                 {product} {ergonomic}
   size_t MarkStackSize                            = 4194304                                   {product} {ergonomic}
   size_t MaxHeapSize                              = 4244635648                                {product} {ergonomic}
   size_t MinHeapDeltaBytes                        = 2097152                                   {product} {ergonomic}
   size_t MinHeapSize                              = 8388608                                   {product} {ergonomic}
    uintx NonNMethodCodeHeapSize                   = 5839372                                {pd product} {ergonomic}
    uintx NonProfiledCodeHeapSize                  = 122909434                              {pd product} {ergonomic}
    uintx ProfiledCodeHeapSize                     = 122909434                              {pd product} {ergonomic}
    uintx ReservedCodeCacheSize                    = 251658240                              {pd product} {ergonomic}
     bool SegmentedCodeCache                       = true                                      {product} {ergonomic}
   size_t SoftMaxHeapSize                          = 4244635648                             {manageable} {ergonomic}
     bool UseCompressedClassPointers               = true                           {product lp64_product} {ergonomic}
     bool UseCompressedOops                        = true                           {product lp64_product} {ergonomic}
     bool UseG1GC                                  = true                                      {product} {ergonomic}
     bool UseLargePagesIndividualAllocation        = false                                  {pd product} {ergonomic}

Logging:
Log output configuration:
 #0: stdout all=warning uptime,level,tags
 #1: stderr all=off uptime,level,tags

Environment Variables:
JAVA_HOME=C:\Program Files\AdoptOpenJDK\jdk-8.0.292.10-hotspot\
PATH=C:\Program Files\Eclipse Adoptium\jdk-17.0.4.101-hotspot\bin;C:\Program Files\NVIDIA GPU Computing Toolkit\CUDA\v11.7\bin;C:\Program Files\NVIDIA GPU Computing Toolkit\CUDA\v11.7\libnvvp;C:\Program Files (x86)\VMware\VMware Player\bin\;C:\ffmpeg\bin;C:\Program Files (x86)\Common Files\Oracle\Java\javapath;C:\Program Files (x86)\Falcon\MinGW\bin;C:\Program Files (x86)\Razer\ChromaBroadcast\bin;C:\Program Files\Razer\ChromaBroadcast\bin;C:\Program Files\AdoptOpenJDK\jdk-8.0.292.10-hotspot\bin;C:\Program Files\AdoptOpenJDK\jre-8.0.292.10-hotspot\bin;C:\Windows\system32;C:\Windows;C:\Windows\System32\Wbem;C:\Windows\System32\WindowsPowerShell\v1.0\;C:\Windows\System32\OpenSSH\;C:\Program Files\Microsoft VS Code\bin;C:\Program Files\NVIDIA Corporation\NVIDIA NvDLISR;C:\Program Files (x86)\NVIDIA Corporation\PhysX\Common;C:\Program Files\Git\cmd;C:\Program Files\dotnet\;C:\WINDOWS\system32;C:\WINDOWS;C:\WINDOWS\System32\Wbem;C:\WINDOWS\System32\WindowsPowerShell\v1.0\;C:\WINDOWS\System32\OpenSSH\;C:\Users\Marcin\AppData\Local\Microsoft\WindowsApps;C:\Program Files\JetBrains\PyCharm Community Edition 2021.1.2\bin;C:\Users\Marcin\AppData\Local\GitHubDesktop\bin;C:\Users\Marcin\AppData\Roaming\npm;D:\AndroidDe\platform-tools;C:\Program Files\Docker\Docker\resources\bin;C:\ProgramData\DockerDesktop\version-bin;C:\Program Files\NVIDIA Corporation\Nsight Compute 2022.2.1\;C:\Program Files\nodejs\;C:\Users\Marcin\miniconda3;C:\Users\Marcin\miniconda3\Library\mingw-w64\bin;C:\Users\Marcin\miniconda3\Library\usr\bin;C:\Users\Marcin\miniconda3\Library\bin;C:\Users\Marcin\miniconda3\Scripts;C:\Users\Marcin\AppData\Local\atom\bin;C:\Program Files\JetBrains\CLion 2021.2.3\bin;C:\Program Files\JetBrains\IntelliJ IDEA Educational Edition 2021.3.2\bin;C:\Program Files\heroku\bin;C:\Users\Marcin\AppData\Local\JetBrains\Toolbox\scripts;C:\zlib;C:\Program Files\NVIDIA\CUDNN\v 11.7
USERNAME=Marcin
OS=Windows_NT
PROCESSOR_IDENTIFIER=Intel64 Family 6 Model 158 Stepping 13, GenuineIntel
TMP=C:\Users\Marcin\AppData\Local\Temp
TEMP=C:\Users\Marcin\AppData\Local\Temp



---------------  S Y S T E M  ---------------

OS:
 Windows 11 , 64 bit Build 22000 (10.0.22000.1219)
OS uptime: 24 days 6:29 hours
Hyper-V role detected

CPU: total 12 (initial active 12) (6 cores per cpu, 2 threads per core) family 6 model 158 stepping 13 microcode 0xde, cx8, cmov, fxsr, ht, mmx, 3dnowpref, sse, sse2, sse3, ssse3, sse4.1, sse4.2, popcnt, lzcnt, tsc, tscinvbit, avx, avx2, aes, erms, clmul, bmi1, bmi2, adx, fma, vzeroupper, clflush, clflushopt, hv

Memory: 4k page, system-wide physical 16186M (870M free)
TotalPageFile size 47271M (AvailPageFile size 59M)
current process WorkingSet (physical memory assigned to process): 11M, peak: 11M
current process commit charge ("private bytes"): 64M, peak: 318M

vm_info: OpenJDK 64-Bit Server VM (17.0.4.1+1) for windows-amd64 JRE (17.0.4.1+1), built on Aug 17 2022 07:42:43 by "temurin" with MS VC++ 16.7 (VS2019)

END.
